<!DOCTYPE html>

<html>
  <head>
  <meta charset='utf-8'>
  <title>TestNG reports</title>

    <link type="text/css" href="testng-reports.css" rel="stylesheet" />
    <script type="text/javascript" src="jquery-1.7.1.min.js"></script>
    <script type="text/javascript" src="testng-reports.js"></script>
    <script type="text/javascript" src="https://www.google.com/jsapi"></script>
    <script type='text/javascript'>
      google.load('visualization', '1', {packages:['table']});
      google.setOnLoadCallback(drawTable);
      var suiteTableInitFunctions = new Array();
      var suiteTableData = new Array();
    </script>
    <!--
      <script type="text/javascript" src="jquery-ui/js/jquery-ui-1.8.16.custom.min.js"></script>
     -->
  </head>

  <body>
    <div class="top-banner-root">
      <span class="top-banner-title-font">Test results</span>
      <br/>
      <span class="top-banner-font-1">1 suite, 11 failed tests</span>
    </div> <!-- top-banner-root -->
    <div class="navigator-root">
      <div class="navigator-suite-header">
        <span>All suites</span>
        <a href="#" class="collapse-all-link" title="Collapse/expand all the suites">
          <img class="collapse-all-icon" src="collapseall.gif">
          </img> <!-- collapse-all-icon -->
        </a> <!-- collapse-all-link -->
      </div> <!-- navigator-suite-header -->
      <div class="suite">
        <div class="rounded-window">
          <div class="suite-header light-rounded-window-top">
            <a href="#" class="navigator-link" panel-name="suite-FUTSTKSuite">
              <span class="suite-name border-failed">FUTSTKSuite</span>
            </a> <!-- navigator-link -->
          </div> <!-- suite-header light-rounded-window-top -->
          <div class="navigator-suite-content">
            <div class="suite-section-title">
              <span>Info</span>
            </div> <!-- suite-section-title -->
            <div class="suite-section-content">
              <ul>
                <li>
                  <a href="#" class="navigator-link " panel-name="test-xml-FUTSTKSuite">
                    <span>D:\Eclipse2019-06\AR_Web\ARFUTSTKtestng.xml</span>
                  </a> <!-- navigator-link  -->
                </li>
                <li>
                  <a href="#" class="navigator-link " panel-name="testlist-FUTSTKSuite">
                    <span class="test-stats">1 test</span>
                  </a> <!-- navigator-link  -->
                </li>
                <li>
                  <a href="#" class="navigator-link " panel-name="group-FUTSTKSuite">
                    <span>0 groups</span>
                  </a> <!-- navigator-link  -->
                </li>
                <li>
                  <a href="#" class="navigator-link " panel-name="times-FUTSTKSuite">
                    <span>Times</span>
                  </a> <!-- navigator-link  -->
                </li>
                <li>
                  <a href="#" class="navigator-link " panel-name="reporter-FUTSTKSuite">
                    <span>Reporter output</span>
                  </a> <!-- navigator-link  -->
                </li>
                <li>
                  <a href="#" class="navigator-link " panel-name="ignored-methods-FUTSTKSuite">
                    <span>Ignored methods</span>
                  </a> <!-- navigator-link  -->
                </li>
                <li>
                  <a href="#" class="navigator-link " panel-name="chronological-FUTSTKSuite">
                    <span>Chronological view</span>
                  </a> <!-- navigator-link  -->
                </li>
              </ul>
            </div> <!-- suite-section-content -->
            <div class="result-section">
              <div class="suite-section-title">
                <span>Results</span>
              </div> <!-- suite-section-title -->
              <div class="suite-section-content">
                <ul>
                  <li>
                    <span class="method-stats">24 methods, 11 failed,   13 passed</span>
                  </li>
                  <li>
                    <span class="method-list-title failed">Failed methods</span>
                    <span class="show-or-hide-methods failed">
                      <a href="#" panel-name="suite-FUTSTKSuite" class="hide-methods failed suite-FUTSTKSuite"> (hide)</a> <!-- hide-methods failed suite-FUTSTKSuite -->
                      <a href="#" panel-name="suite-FUTSTKSuite" class="show-methods failed suite-FUTSTKSuite"> (show)</a> <!-- show-methods failed suite-FUTSTKSuite -->
                    </span>
                    <div class="method-list-content failed suite-FUTSTKSuite">
                      <span>
                        <img width="3%" src="failed.png"/>
                        <a href="#" class="method navigator-link" panel-name="suite-FUTSTKSuite" title="arTestCaseFUTSTK.FUTSTKTestCase11" hash-for-method="BuyOrder">BuyOrder</a> <!-- method navigator-link -->
                      </span>
                      <br/>
                      <span>
                        <img width="3%" src="failed.png"/>
                        <a href="#" class="method navigator-link" panel-name="suite-FUTSTKSuite" title="arTestCaseFUTSTK.FUTSTKTestCase9" hash-for-method="BuyOrder">BuyOrder</a> <!-- method navigator-link -->
                      </span>
                      <br/>
                      <span>
                        <img width="3%" src="failed.png"/>
                        <a href="#" class="method navigator-link" panel-name="suite-FUTSTKSuite" title="arTestCaseFUTSTK.FUTSTKTestCase21" hash-for-method="BuyOrder">BuyOrder</a> <!-- method navigator-link -->
                      </span>
                      <br/>
                      <span>
                        <img width="3%" src="failed.png"/>
                        <a href="#" class="method navigator-link" panel-name="suite-FUTSTKSuite" title="arTestCaseFUTSTK.FUTSTKTestCase23" hash-for-method="BuyOrder">BuyOrder</a> <!-- method navigator-link -->
                      </span>
                      <br/>
                      <span>
                        <img width="3%" src="failed.png"/>
                        <a href="#" class="method navigator-link" panel-name="suite-FUTSTKSuite" title="arTestCaseFUTSTK.FUTSTKTestCase4" hash-for-method="BuyOrder">BuyOrder</a> <!-- method navigator-link -->
                      </span>
                      <br/>
                      <span>
                        <img width="3%" src="failed.png"/>
                        <a href="#" class="method navigator-link" panel-name="suite-FUTSTKSuite" title="arTestCaseFUTSTK.FUTSTKTestCase19" hash-for-method="BuyOrder">BuyOrder</a> <!-- method navigator-link -->
                      </span>
                      <br/>
                      <span>
                        <img width="3%" src="failed.png"/>
                        <a href="#" class="method navigator-link" panel-name="suite-FUTSTKSuite" title="arTestCaseFUTSTK.FUTSTKTestCase20" hash-for-method="SellOrder">SellOrder</a> <!-- method navigator-link -->
                      </span>
                      <br/>
                      <span>
                        <img width="3%" src="failed.png"/>
                        <a href="#" class="method navigator-link" panel-name="suite-FUTSTKSuite" title="arTestCaseFUTSTK.FUTSTKTestCase10" hash-for-method="SellOrder">SellOrder</a> <!-- method navigator-link -->
                      </span>
                      <br/>
                      <span>
                        <img width="3%" src="failed.png"/>
                        <a href="#" class="method navigator-link" panel-name="suite-FUTSTKSuite" title="arTestCaseFUTSTK.FUTSTKTestCase12" hash-for-method="SellOrder">SellOrder</a> <!-- method navigator-link -->
                      </span>
                      <br/>
                      <span>
                        <img width="3%" src="failed.png"/>
                        <a href="#" class="method navigator-link" panel-name="suite-FUTSTKSuite" title="arTestCaseFUTSTK.FUTSTKTestCase24" hash-for-method="SellOrder">SellOrder</a> <!-- method navigator-link -->
                      </span>
                      <br/>
                      <span>
                        <img width="3%" src="failed.png"/>
                        <a href="#" class="method navigator-link" panel-name="suite-FUTSTKSuite" title="arTestCaseFUTSTK.FUTSTKTestCase2" hash-for-method="SellOrder">SellOrder</a> <!-- method navigator-link -->
                      </span>
                      <br/>
                    </div> <!-- method-list-content failed suite-FUTSTKSuite -->
                  </li>
                  <li>
                    <span class="method-list-title passed">Passed methods</span>
                    <span class="show-or-hide-methods passed">
                      <a href="#" panel-name="suite-FUTSTKSuite" class="hide-methods passed suite-FUTSTKSuite"> (hide)</a> <!-- hide-methods passed suite-FUTSTKSuite -->
                      <a href="#" panel-name="suite-FUTSTKSuite" class="show-methods passed suite-FUTSTKSuite"> (show)</a> <!-- show-methods passed suite-FUTSTKSuite -->
                    </span>
                    <div class="method-list-content passed suite-FUTSTKSuite">
                      <span>
                        <img width="3%" src="passed.png"/>
                        <a href="#" class="method navigator-link" panel-name="suite-FUTSTKSuite" title="arTestCaseFUTSTK.FUTSTKTestCase1" hash-for-method="BuyOrder">BuyOrder</a> <!-- method navigator-link -->
                      </span>
                      <br/>
                      <span>
                        <img width="3%" src="passed.png"/>
                        <a href="#" class="method navigator-link" panel-name="suite-FUTSTKSuite" title="arTestCaseFUTSTK.FUTSTKTestCase13" hash-for-method="BuyOrder">BuyOrder</a> <!-- method navigator-link -->
                      </span>
                      <br/>
                      <span>
                        <img width="3%" src="passed.png"/>
                        <a href="#" class="method navigator-link" panel-name="suite-FUTSTKSuite" title="arTestCaseFUTSTK.FUTSTKTestCase3" hash-for-method="BuyOrder">BuyOrder</a> <!-- method navigator-link -->
                      </span>
                      <br/>
                      <span>
                        <img width="3%" src="passed.png"/>
                        <a href="#" class="method navigator-link" panel-name="suite-FUTSTKSuite" title="arTestCaseFUTSTK.FUTSTKTestCase15" hash-for-method="BuyOrder">BuyOrder</a> <!-- method navigator-link -->
                      </span>
                      <br/>
                      <span>
                        <img width="3%" src="passed.png"/>
                        <a href="#" class="method navigator-link" panel-name="suite-FUTSTKSuite" title="arTestCaseFUTSTK.FUTSTKTestCase7" hash-for-method="BuyOrder">BuyOrder</a> <!-- method navigator-link -->
                      </span>
                      <br/>
                      <span>
                        <img width="3%" src="passed.png"/>
                        <a href="#" class="method navigator-link" panel-name="suite-FUTSTKSuite" title="arTestCaseFUTSTK.FUTSTKTestCase17" hash-for-method="BuyOrder">BuyOrder</a> <!-- method navigator-link -->
                      </span>
                      <br/>
                      <span>
                        <img width="3%" src="passed.png"/>
                        <a href="#" class="method navigator-link" panel-name="suite-FUTSTKSuite" title="arTestCaseFUTSTK.FUTSTKTestCase5" hash-for-method="BuyOrder">BuyOrder</a> <!-- method navigator-link -->
                      </span>
                      <br/>
                      <span>
                        <img width="3%" src="passed.png"/>
                        <a href="#" class="method navigator-link" panel-name="suite-FUTSTKSuite" title="arTestCaseFUTSTK.FUTSTKTestCase14" hash-for-method="SellOrder">SellOrder</a> <!-- method navigator-link -->
                      </span>
                      <br/>
                      <span>
                        <img width="3%" src="passed.png"/>
                        <a href="#" class="method navigator-link" panel-name="suite-FUTSTKSuite" title="arTestCaseFUTSTK.FUTSTKTestCase16" hash-for-method="SellOrder">SellOrder</a> <!-- method navigator-link -->
                      </span>
                      <br/>
                      <span>
                        <img width="3%" src="passed.png"/>
                        <a href="#" class="method navigator-link" panel-name="suite-FUTSTKSuite" title="arTestCaseFUTSTK.FUTSTKTestCase18" hash-for-method="SellOrder">SellOrder</a> <!-- method navigator-link -->
                      </span>
                      <br/>
                      <span>
                        <img width="3%" src="passed.png"/>
                        <a href="#" class="method navigator-link" panel-name="suite-FUTSTKSuite" title="arTestCaseFUTSTK.FUTSTKTestCase6" hash-for-method="SellOrder">SellOrder</a> <!-- method navigator-link -->
                      </span>
                      <br/>
                      <span>
                        <img width="3%" src="passed.png"/>
                        <a href="#" class="method navigator-link" panel-name="suite-FUTSTKSuite" title="arTestCaseFUTSTK.FUTSTKTestCase8" hash-for-method="SellOrder">SellOrder</a> <!-- method navigator-link -->
                      </span>
                      <br/>
                      <span>
                        <img width="3%" src="passed.png"/>
                        <a href="#" class="method navigator-link" panel-name="suite-FUTSTKSuite" title="arTestCaseFUTSTK.FUTSTKTestCase22" hash-for-method="SellOrder">SellOrder</a> <!-- method navigator-link -->
                      </span>
                      <br/>
                    </div> <!-- method-list-content passed suite-FUTSTKSuite -->
                  </li>
                </ul>
              </div> <!-- suite-section-content -->
            </div> <!-- result-section -->
          </div> <!-- navigator-suite-content -->
        </div> <!-- rounded-window -->
      </div> <!-- suite -->
    </div> <!-- navigator-root -->
    <div class="wrapper">
      <div class="main-panel-root">
        <div panel-name="suite-FUTSTKSuite" class="panel FUTSTKSuite">
          <div class="suite-FUTSTKSuite-class-failed">
            <div class="main-panel-header rounded-window-top">
              <img src="failed.png"/>
              <span class="class-name">arTestCaseFUTSTK.FUTSTKTestCase12</span>
            </div> <!-- main-panel-header rounded-window-top -->
            <div class="main-panel-content rounded-window-bottom">
              <div class="method">
                <div class="method-content">
                  <a name="SellOrder">
                  </a> <!-- SellOrder -->
                  <span class="method-name">SellOrder</span>
                  <div class="stack-trace">org.openqa.selenium.NoSuchSessionException: invalid session id
  (Driver info: chromedriver=74.0.3729.6 (255758eccf3d244491b8a1317aa76e1ce10d57e9-refs/branch-heads/3729@{#29}),platform=Windows NT 10.0.17134 x86_64) (WARNING: The server did not provide any stacktrace information)
Command duration or timeout: 0 milliseconds
Build info: version: &apos;3.141.59&apos;, revision: &apos;e82be7d358&apos;, time: &apos;2018-11-14T08:25:53&apos;
System info: host: &apos;DESKTOP-0ILKHG4&apos;, ip: &apos;192.168.2.70&apos;, os.name: &apos;Windows 10&apos;, os.arch: &apos;amd64&apos;, os.version: &apos;10.0&apos;, java.version: &apos;1.8.0_131&apos;
Driver info: org.openqa.selenium.chrome.ChromeDriver
Capabilities {acceptInsecureCerts: false, acceptSslCerts: false, applicationCacheEnabled: false, browserConnectionEnabled: false, browserName: chrome, chrome: {chromedriverVersion: 74.0.3729.6 (255758eccf3d24..., userDataDir: C:\Users\ADMINI~1\AppData\L...}, cssSelectorsEnabled: true, databaseEnabled: false, goog:chromeOptions: {debuggerAddress: localhost:63650}, handlesAlerts: true, hasTouchScreen: false, javascriptEnabled: true, locationContextEnabled: true, mobileEmulationEnabled: false, nativeEvents: true, networkConnectionEnabled: false, pageLoadStrategy: normal, platform: XP, platformName: XP, proxy: Proxy(), rotatable: false, setWindowRect: true, strictFileInteractability: false, takesHeapSnapshot: true, takesScreenshot: true, timeouts: {implicit: 0, pageLoad: 300000, script: 30000}, unexpectedAlertBehaviour: ignore, unhandledPromptBehavior: ignore, version: 75.0.3770.142, webStorageEnabled: true}
Session ID: a10a52e98966b1dd8a31c209d2b48701
*** Element info: {Using=xpath, value=//*[@id=&quot;quantity_ipfield&quot;]/span[2]/button}
	at org.openqa.selenium.remote.ErrorHandler.createThrowable(ErrorHandler.java:214)
	at org.openqa.selenium.remote.ErrorHandler.throwIfResponseFailed(ErrorHandler.java:166)
	at org.openqa.selenium.remote.http.JsonHttpResponseCodec.reconstructValue(JsonHttpResponseCodec.java:40)
	at org.openqa.selenium.remote.http.AbstractHttpResponseCodec.decode(AbstractHttpResponseCodec.java:80)
	at org.openqa.selenium.remote.http.AbstractHttpResponseCodec.decode(AbstractHttpResponseCodec.java:44)
	at org.openqa.selenium.remote.HttpCommandExecutor.execute(HttpCommandExecutor.java:158)
	at org.openqa.selenium.remote.service.DriverCommandExecutor.execute(DriverCommandExecutor.java:83)
	at org.openqa.selenium.remote.RemoteWebDriver.execute(RemoteWebDriver.java:552)
	at org.openqa.selenium.remote.RemoteWebDriver.findElement(RemoteWebDriver.java:323)
	at org.openqa.selenium.remote.RemoteWebDriver.findElementByXPath(RemoteWebDriver.java:428)
	at org.openqa.selenium.By$ByXPath.findElement(By.java:353)
	at org.openqa.selenium.remote.RemoteWebDriver.findElement(RemoteWebDriver.java:315)
	at arTestCaseFUTSTK.FUTSTKTestCase12.SellOrder(FUTSTKTestCase12.java:131)
... Removed 29 stack frames
</div> <!-- stack-trace -->
                  <em>
(Sell Order Entry > MKT Order Type > MIS PRODUCT > Validity Day.)                  </em>
                </div> <!-- method-content -->
              </div> <!-- method -->
            </div> <!-- main-panel-content rounded-window-bottom -->
          </div> <!-- suite-FUTSTKSuite-class-failed -->
          <div class="suite-FUTSTKSuite-class-failed">
            <div class="main-panel-header rounded-window-top">
              <img src="failed.png"/>
              <span class="class-name">arTestCaseFUTSTK.FUTSTKTestCase20</span>
            </div> <!-- main-panel-header rounded-window-top -->
            <div class="main-panel-content rounded-window-bottom">
              <div class="method">
                <div class="method-content">
                  <a name="SellOrder">
                  </a> <!-- SellOrder -->
                  <span class="method-name">SellOrder</span>
                  <div class="stack-trace">org.openqa.selenium.NoSuchSessionException: invalid session id
  (Driver info: chromedriver=74.0.3729.6 (255758eccf3d244491b8a1317aa76e1ce10d57e9-refs/branch-heads/3729@{#29}),platform=Windows NT 10.0.17134 x86_64) (WARNING: The server did not provide any stacktrace information)
Command duration or timeout: 0 milliseconds
Build info: version: &apos;3.141.59&apos;, revision: &apos;e82be7d358&apos;, time: &apos;2018-11-14T08:25:53&apos;
System info: host: &apos;DESKTOP-0ILKHG4&apos;, ip: &apos;192.168.2.70&apos;, os.name: &apos;Windows 10&apos;, os.arch: &apos;amd64&apos;, os.version: &apos;10.0&apos;, java.version: &apos;1.8.0_131&apos;
Driver info: org.openqa.selenium.chrome.ChromeDriver
Capabilities {acceptInsecureCerts: false, acceptSslCerts: false, applicationCacheEnabled: false, browserConnectionEnabled: false, browserName: chrome, chrome: {chromedriverVersion: 74.0.3729.6 (255758eccf3d24..., userDataDir: C:\Users\ADMINI~1\AppData\L...}, cssSelectorsEnabled: true, databaseEnabled: false, goog:chromeOptions: {debuggerAddress: localhost:64083}, handlesAlerts: true, hasTouchScreen: false, javascriptEnabled: true, locationContextEnabled: true, mobileEmulationEnabled: false, nativeEvents: true, networkConnectionEnabled: false, pageLoadStrategy: normal, platform: XP, platformName: XP, proxy: Proxy(), rotatable: false, setWindowRect: true, strictFileInteractability: false, takesHeapSnapshot: true, takesScreenshot: true, timeouts: {implicit: 0, pageLoad: 300000, script: 30000}, unexpectedAlertBehaviour: ignore, unhandledPromptBehavior: ignore, version: 75.0.3770.142, webStorageEnabled: true}
Session ID: 0825cd55b2b12fe361cc72f5c42cf9eb
*** Element info: {Using=xpath, value=//*[@id=&quot;quantity_ipfield&quot;]/span[2]/button}
	at org.openqa.selenium.remote.ErrorHandler.createThrowable(ErrorHandler.java:214)
	at org.openqa.selenium.remote.ErrorHandler.throwIfResponseFailed(ErrorHandler.java:166)
	at org.openqa.selenium.remote.http.JsonHttpResponseCodec.reconstructValue(JsonHttpResponseCodec.java:40)
	at org.openqa.selenium.remote.http.AbstractHttpResponseCodec.decode(AbstractHttpResponseCodec.java:80)
	at org.openqa.selenium.remote.http.AbstractHttpResponseCodec.decode(AbstractHttpResponseCodec.java:44)
	at org.openqa.selenium.remote.HttpCommandExecutor.execute(HttpCommandExecutor.java:158)
	at org.openqa.selenium.remote.service.DriverCommandExecutor.execute(DriverCommandExecutor.java:83)
	at org.openqa.selenium.remote.RemoteWebDriver.execute(RemoteWebDriver.java:552)
	at org.openqa.selenium.remote.RemoteWebDriver.findElement(RemoteWebDriver.java:323)
	at org.openqa.selenium.remote.RemoteWebDriver.findElementByXPath(RemoteWebDriver.java:428)
	at org.openqa.selenium.By$ByXPath.findElement(By.java:353)
	at org.openqa.selenium.remote.RemoteWebDriver.findElement(RemoteWebDriver.java:315)
	at arTestCaseFUTSTK.FUTSTKTestCase20.SellOrder(FUTSTKTestCase20.java:135)
... Removed 29 stack frames
</div> <!-- stack-trace -->
                  <em>
(Sell Order Entry > SL Order Type > MIS PRODUCT >  Validity DAY.)                  </em>
                </div> <!-- method-content -->
              </div> <!-- method -->
            </div> <!-- main-panel-content rounded-window-bottom -->
          </div> <!-- suite-FUTSTKSuite-class-failed -->
          <div class="suite-FUTSTKSuite-class-failed">
            <div class="main-panel-header rounded-window-top">
              <img src="failed.png"/>
              <span class="class-name">arTestCaseFUTSTK.FUTSTKTestCase19</span>
            </div> <!-- main-panel-header rounded-window-top -->
            <div class="main-panel-content rounded-window-bottom">
              <div class="method">
                <div class="method-content">
                  <a name="BuyOrder">
                  </a> <!-- BuyOrder -->
                  <span class="method-name">BuyOrder</span>
                  <div class="stack-trace">org.openqa.selenium.NoSuchSessionException: invalid session id
  (Driver info: chromedriver=74.0.3729.6 (255758eccf3d244491b8a1317aa76e1ce10d57e9-refs/branch-heads/3729@{#29}),platform=Windows NT 10.0.17134 x86_64) (WARNING: The server did not provide any stacktrace information)
Command duration or timeout: 0 milliseconds
Build info: version: &apos;3.141.59&apos;, revision: &apos;e82be7d358&apos;, time: &apos;2018-11-14T08:25:53&apos;
System info: host: &apos;DESKTOP-0ILKHG4&apos;, ip: &apos;192.168.2.70&apos;, os.name: &apos;Windows 10&apos;, os.arch: &apos;amd64&apos;, os.version: &apos;10.0&apos;, java.version: &apos;1.8.0_131&apos;
Driver info: org.openqa.selenium.chrome.ChromeDriver
Capabilities {acceptInsecureCerts: false, acceptSslCerts: false, applicationCacheEnabled: false, browserConnectionEnabled: false, browserName: chrome, chrome: {chromedriverVersion: 74.0.3729.6 (255758eccf3d24..., userDataDir: C:\Users\ADMINI~1\AppData\L...}, cssSelectorsEnabled: true, databaseEnabled: false, goog:chromeOptions: {debuggerAddress: localhost:64031}, handlesAlerts: true, hasTouchScreen: false, javascriptEnabled: true, locationContextEnabled: true, mobileEmulationEnabled: false, nativeEvents: true, networkConnectionEnabled: false, pageLoadStrategy: normal, platform: XP, platformName: XP, proxy: Proxy(), rotatable: false, setWindowRect: true, strictFileInteractability: false, takesHeapSnapshot: true, takesScreenshot: true, timeouts: {implicit: 0, pageLoad: 300000, script: 30000}, unexpectedAlertBehaviour: ignore, unhandledPromptBehavior: ignore, version: 75.0.3770.142, webStorageEnabled: true}
Session ID: 5d4d909cf66d992f44b56c4d05c4efbd
*** Element info: {Using=xpath, value=//*[@id=&quot;quantity_ipfield&quot;]/span[2]/button}
	at org.openqa.selenium.remote.ErrorHandler.createThrowable(ErrorHandler.java:214)
	at org.openqa.selenium.remote.ErrorHandler.throwIfResponseFailed(ErrorHandler.java:166)
	at org.openqa.selenium.remote.http.JsonHttpResponseCodec.reconstructValue(JsonHttpResponseCodec.java:40)
	at org.openqa.selenium.remote.http.AbstractHttpResponseCodec.decode(AbstractHttpResponseCodec.java:80)
	at org.openqa.selenium.remote.http.AbstractHttpResponseCodec.decode(AbstractHttpResponseCodec.java:44)
	at org.openqa.selenium.remote.HttpCommandExecutor.execute(HttpCommandExecutor.java:158)
	at org.openqa.selenium.remote.service.DriverCommandExecutor.execute(DriverCommandExecutor.java:83)
	at org.openqa.selenium.remote.RemoteWebDriver.execute(RemoteWebDriver.java:552)
	at org.openqa.selenium.remote.RemoteWebDriver.findElement(RemoteWebDriver.java:323)
	at org.openqa.selenium.remote.RemoteWebDriver.findElementByXPath(RemoteWebDriver.java:428)
	at org.openqa.selenium.By$ByXPath.findElement(By.java:353)
	at org.openqa.selenium.remote.RemoteWebDriver.findElement(RemoteWebDriver.java:315)
	at arTestCaseFUTSTK.FUTSTKTestCase19.BuyOrder(FUTSTKTestCase19.java:135)
... Removed 29 stack frames
</div> <!-- stack-trace -->
                  <em>
(Buy Order Entry > SL Order Type > MIS PRODUCT >  Validity DAY.)                  </em>
                </div> <!-- method-content -->
              </div> <!-- method -->
            </div> <!-- main-panel-content rounded-window-bottom -->
          </div> <!-- suite-FUTSTKSuite-class-failed -->
          <div class="suite-FUTSTKSuite-class-failed">
            <div class="main-panel-header rounded-window-top">
              <img src="failed.png"/>
              <span class="class-name">arTestCaseFUTSTK.FUTSTKTestCase21</span>
            </div> <!-- main-panel-header rounded-window-top -->
            <div class="main-panel-content rounded-window-bottom">
              <div class="method">
                <div class="method-content">
                  <a name="BuyOrder">
                  </a> <!-- BuyOrder -->
                  <span class="method-name">BuyOrder</span>
                  <div class="stack-trace">org.openqa.selenium.ElementClickInterceptedException: element click intercepted: Element &lt;button class=&quot;btn btn-success&quot; id=&quot;btnConfirmOrder&quot; style=&quot;border: 1px solid rgb(92, 184, 92);&quot;&gt;...&lt;/button&gt; is not clickable at point (599, 540). Other element would receive the click: &lt;div id=&quot;more_less_fields&quot; class=&quot;col-md-16 text-left no-padding&quot;&gt;...&lt;/div&gt;
  (Session info: chrome=75.0.3770.142)
  (Driver info: chromedriver=74.0.3729.6 (255758eccf3d244491b8a1317aa76e1ce10d57e9-refs/branch-heads/3729@{#29}),platform=Windows NT 10.0.17134 x86_64) (WARNING: The server did not provide any stacktrace information)
Command duration or timeout: 0 milliseconds
Build info: version: &apos;3.141.59&apos;, revision: &apos;e82be7d358&apos;, time: &apos;2018-11-14T08:25:53&apos;
System info: host: &apos;DESKTOP-0ILKHG4&apos;, ip: &apos;192.168.2.70&apos;, os.name: &apos;Windows 10&apos;, os.arch: &apos;amd64&apos;, os.version: &apos;10.0&apos;, java.version: &apos;1.8.0_131&apos;
Driver info: org.openqa.selenium.chrome.ChromeDriver
Capabilities {acceptInsecureCerts: false, acceptSslCerts: false, applicationCacheEnabled: false, browserConnectionEnabled: false, browserName: chrome, chrome: {chromedriverVersion: 74.0.3729.6 (255758eccf3d24..., userDataDir: C:\Users\ADMINI~1\AppData\L...}, cssSelectorsEnabled: true, databaseEnabled: false, goog:chromeOptions: {debuggerAddress: localhost:64136}, handlesAlerts: true, hasTouchScreen: false, javascriptEnabled: true, locationContextEnabled: true, mobileEmulationEnabled: false, nativeEvents: true, networkConnectionEnabled: false, pageLoadStrategy: normal, platform: XP, platformName: XP, proxy: Proxy(), rotatable: false, setWindowRect: true, strictFileInteractability: false, takesHeapSnapshot: true, takesScreenshot: true, timeouts: {implicit: 0, pageLoad: 300000, script: 30000}, unexpectedAlertBehaviour: ignore, unhandledPromptBehavior: ignore, version: 75.0.3770.142, webStorageEnabled: true}
Session ID: 87b756d15e3c8e73826d0b168f376060
	at org.openqa.selenium.remote.ErrorHandler.createThrowable(ErrorHandler.java:214)
	at org.openqa.selenium.remote.ErrorHandler.throwIfResponseFailed(ErrorHandler.java:166)
	at org.openqa.selenium.remote.http.JsonHttpResponseCodec.reconstructValue(JsonHttpResponseCodec.java:40)
	at org.openqa.selenium.remote.http.AbstractHttpResponseCodec.decode(AbstractHttpResponseCodec.java:80)
	at org.openqa.selenium.remote.http.AbstractHttpResponseCodec.decode(AbstractHttpResponseCodec.java:44)
	at org.openqa.selenium.remote.HttpCommandExecutor.execute(HttpCommandExecutor.java:158)
	at org.openqa.selenium.remote.service.DriverCommandExecutor.execute(DriverCommandExecutor.java:83)
	at org.openqa.selenium.remote.RemoteWebDriver.execute(RemoteWebDriver.java:552)
	at org.openqa.selenium.remote.RemoteWebElement.execute(RemoteWebElement.java:285)
	at org.openqa.selenium.remote.RemoteWebElement.click(RemoteWebElement.java:84)
	at arTestCaseFUTSTK.FUTSTKTestCase21.BuyOrder(FUTSTKTestCase21.java:92)
... Removed 29 stack frames
</div> <!-- stack-trace -->
                  <em>
(Buy Order Entry > SL-M Order Type > NRML PRODUCT >  Validity DAY.)                  </em>
                </div> <!-- method-content -->
              </div> <!-- method -->
            </div> <!-- main-panel-content rounded-window-bottom -->
          </div> <!-- suite-FUTSTKSuite-class-failed -->
          <div class="suite-FUTSTKSuite-class-failed">
            <div class="main-panel-header rounded-window-top">
              <img src="failed.png"/>
              <span class="class-name">arTestCaseFUTSTK.FUTSTKTestCase23</span>
            </div> <!-- main-panel-header rounded-window-top -->
            <div class="main-panel-content rounded-window-bottom">
              <div class="method">
                <div class="method-content">
                  <a name="BuyOrder">
                  </a> <!-- BuyOrder -->
                  <span class="method-name">BuyOrder</span>
                  <div class="stack-trace">org.openqa.selenium.NoSuchSessionException: invalid session id
  (Driver info: chromedriver=74.0.3729.6 (255758eccf3d244491b8a1317aa76e1ce10d57e9-refs/branch-heads/3729@{#29}),platform=Windows NT 10.0.17134 x86_64) (WARNING: The server did not provide any stacktrace information)
Command duration or timeout: 0 milliseconds
Build info: version: &apos;3.141.59&apos;, revision: &apos;e82be7d358&apos;, time: &apos;2018-11-14T08:25:53&apos;
System info: host: &apos;DESKTOP-0ILKHG4&apos;, ip: &apos;192.168.2.70&apos;, os.name: &apos;Windows 10&apos;, os.arch: &apos;amd64&apos;, os.version: &apos;10.0&apos;, java.version: &apos;1.8.0_131&apos;
Driver info: org.openqa.selenium.chrome.ChromeDriver
Capabilities {acceptInsecureCerts: false, acceptSslCerts: false, applicationCacheEnabled: false, browserConnectionEnabled: false, browserName: chrome, chrome: {chromedriverVersion: 74.0.3729.6 (255758eccf3d24..., userDataDir: C:\Users\ADMINI~1\AppData\L...}, cssSelectorsEnabled: true, databaseEnabled: false, goog:chromeOptions: {debuggerAddress: localhost:64267}, handlesAlerts: true, hasTouchScreen: false, javascriptEnabled: true, locationContextEnabled: true, mobileEmulationEnabled: false, nativeEvents: true, networkConnectionEnabled: false, pageLoadStrategy: normal, platform: XP, platformName: XP, proxy: Proxy(), rotatable: false, setWindowRect: true, strictFileInteractability: false, takesHeapSnapshot: true, takesScreenshot: true, timeouts: {implicit: 0, pageLoad: 300000, script: 30000}, unexpectedAlertBehaviour: ignore, unhandledPromptBehavior: ignore, version: 75.0.3770.142, webStorageEnabled: true}
Session ID: b6fb5bd151e2cd64763837fc3e7fa9d2
*** Element info: {Using=xpath, value=//*[@id=&quot;quantity_ipfield&quot;]/span[2]/button}
	at org.openqa.selenium.remote.ErrorHandler.createThrowable(ErrorHandler.java:214)
	at org.openqa.selenium.remote.ErrorHandler.throwIfResponseFailed(ErrorHandler.java:166)
	at org.openqa.selenium.remote.http.JsonHttpResponseCodec.reconstructValue(JsonHttpResponseCodec.java:40)
	at org.openqa.selenium.remote.http.AbstractHttpResponseCodec.decode(AbstractHttpResponseCodec.java:80)
	at org.openqa.selenium.remote.http.AbstractHttpResponseCodec.decode(AbstractHttpResponseCodec.java:44)
	at org.openqa.selenium.remote.HttpCommandExecutor.execute(HttpCommandExecutor.java:158)
	at org.openqa.selenium.remote.service.DriverCommandExecutor.execute(DriverCommandExecutor.java:83)
	at org.openqa.selenium.remote.RemoteWebDriver.execute(RemoteWebDriver.java:552)
	at org.openqa.selenium.remote.RemoteWebDriver.findElement(RemoteWebDriver.java:323)
	at org.openqa.selenium.remote.RemoteWebDriver.findElementByXPath(RemoteWebDriver.java:428)
	at org.openqa.selenium.By$ByXPath.findElement(By.java:353)
	at org.openqa.selenium.remote.RemoteWebDriver.findElement(RemoteWebDriver.java:315)
	at arTestCaseFUTSTK.FUTSTKTestCase23.BuyOrder(FUTSTKTestCase23.java:132)
... Removed 29 stack frames
</div> <!-- stack-trace -->
                  <em>
(Buy Order Entry > SL-M Order Type > MIS PRODUCT >  Validity DAY.)                  </em>
                </div> <!-- method-content -->
              </div> <!-- method -->
            </div> <!-- main-panel-content rounded-window-bottom -->
          </div> <!-- suite-FUTSTKSuite-class-failed -->
          <div class="suite-FUTSTKSuite-class-failed">
            <div class="main-panel-header rounded-window-top">
              <img src="failed.png"/>
              <span class="class-name">arTestCaseFUTSTK.FUTSTKTestCase9</span>
            </div> <!-- main-panel-header rounded-window-top -->
            <div class="main-panel-content rounded-window-bottom">
              <div class="method">
                <div class="method-content">
                  <a name="BuyOrder">
                  </a> <!-- BuyOrder -->
                  <span class="method-name">BuyOrder</span>
                  <div class="stack-trace">org.openqa.selenium.UnhandledAlertException: unexpected alert open: {Alert text : Only Open/Pending Orders can be modified !!}
  (Session info: chrome=75.0.3770.142)
  (Driver info: chromedriver=74.0.3729.6 (255758eccf3d244491b8a1317aa76e1ce10d57e9-refs/branch-heads/3729@{#29}),platform=Windows NT 10.0.17134 x86_64) (WARNING: The server did not provide any stacktrace information)
Command duration or timeout: 0 milliseconds: null
Build info: version: &apos;3.141.59&apos;, revision: &apos;e82be7d358&apos;, time: &apos;2018-11-14T08:25:53&apos;
System info: host: &apos;DESKTOP-0ILKHG4&apos;, ip: &apos;192.168.2.70&apos;, os.name: &apos;Windows 10&apos;, os.arch: &apos;amd64&apos;, os.version: &apos;10.0&apos;, java.version: &apos;1.8.0_131&apos;
Driver info: org.openqa.selenium.chrome.ChromeDriver
Capabilities {acceptInsecureCerts: false, acceptSslCerts: false, applicationCacheEnabled: false, browserConnectionEnabled: false, browserName: chrome, chrome: {chromedriverVersion: 74.0.3729.6 (255758eccf3d24..., userDataDir: C:\Users\ADMINI~1\AppData\L...}, cssSelectorsEnabled: true, databaseEnabled: false, goog:chromeOptions: {debuggerAddress: localhost:63502}, handlesAlerts: true, hasTouchScreen: false, javascriptEnabled: true, locationContextEnabled: true, mobileEmulationEnabled: false, nativeEvents: true, networkConnectionEnabled: false, pageLoadStrategy: normal, platform: XP, platformName: XP, proxy: Proxy(), rotatable: false, setWindowRect: true, strictFileInteractability: false, takesHeapSnapshot: true, takesScreenshot: true, timeouts: {implicit: 0, pageLoad: 300000, script: 30000}, unexpectedAlertBehaviour: ignore, unhandledPromptBehavior: ignore, version: 75.0.3770.142, webStorageEnabled: true}
Session ID: 2a03917daca1be918169c0497de67af0
*** Element info: {Using=xpath, value=//*[@id=&quot;quantity_ipfield&quot;]/span[2]/button}
	at org.openqa.selenium.remote.ErrorHandler.createThrowable(ErrorHandler.java:214)
	at org.openqa.selenium.remote.ErrorHandler.throwIfResponseFailed(ErrorHandler.java:172)
	at org.openqa.selenium.remote.http.JsonHttpResponseCodec.reconstructValue(JsonHttpResponseCodec.java:40)
	at org.openqa.selenium.remote.http.AbstractHttpResponseCodec.decode(AbstractHttpResponseCodec.java:80)
	at org.openqa.selenium.remote.http.AbstractHttpResponseCodec.decode(AbstractHttpResponseCodec.java:44)
	at org.openqa.selenium.remote.HttpCommandExecutor.execute(HttpCommandExecutor.java:158)
	at org.openqa.selenium.remote.service.DriverCommandExecutor.execute(DriverCommandExecutor.java:83)
	at org.openqa.selenium.remote.RemoteWebDriver.execute(RemoteWebDriver.java:552)
	at org.openqa.selenium.remote.RemoteWebDriver.findElement(RemoteWebDriver.java:323)
	at org.openqa.selenium.remote.RemoteWebDriver.findElementByXPath(RemoteWebDriver.java:428)
	at org.openqa.selenium.By$ByXPath.findElement(By.java:353)
	at org.openqa.selenium.remote.RemoteWebDriver.findElement(RemoteWebDriver.java:315)
	at arTestCaseFUTSTK.FUTSTKTestCase9.BuyOrder(FUTSTKTestCase9.java:142)
... Removed 29 stack frames
</div> <!-- stack-trace -->
                  <em>
(Place Order Entry > MKT Order Type > NRML PRODUCT > Validity Day.)                  </em>
                </div> <!-- method-content -->
              </div> <!-- method -->
            </div> <!-- main-panel-content rounded-window-bottom -->
          </div> <!-- suite-FUTSTKSuite-class-failed -->
          <div class="suite-FUTSTKSuite-class-failed">
            <div class="main-panel-header rounded-window-top">
              <img src="failed.png"/>
              <span class="class-name">arTestCaseFUTSTK.FUTSTKTestCase10</span>
            </div> <!-- main-panel-header rounded-window-top -->
            <div class="main-panel-content rounded-window-bottom">
              <div class="method">
                <div class="method-content">
                  <a name="SellOrder">
                  </a> <!-- SellOrder -->
                  <span class="method-name">SellOrder</span>
                  <div class="stack-trace">org.openqa.selenium.NoSuchElementException: no such element: Unable to locate element: {&quot;method&quot;:&quot;xpath&quot;,&quot;selector&quot;:&quot;//*[@id=&quot;orderBookGrid&quot;]/div[5]/div/div[1]/div[4]/div&quot;}
  (Session info: chrome=75.0.3770.142)
  (Driver info: chromedriver=74.0.3729.6 (255758eccf3d244491b8a1317aa76e1ce10d57e9-refs/branch-heads/3729@{#29}),platform=Windows NT 10.0.17134 x86_64) (WARNING: The server did not provide any stacktrace information)
Command duration or timeout: 0 milliseconds
For documentation on this error, please visit: https://www.seleniumhq.org/exceptions/no_such_element.html
Build info: version: &apos;3.141.59&apos;, revision: &apos;e82be7d358&apos;, time: &apos;2018-11-14T08:25:53&apos;
System info: host: &apos;DESKTOP-0ILKHG4&apos;, ip: &apos;192.168.2.70&apos;, os.name: &apos;Windows 10&apos;, os.arch: &apos;amd64&apos;, os.version: &apos;10.0&apos;, java.version: &apos;1.8.0_131&apos;
Driver info: org.openqa.selenium.chrome.ChromeDriver
Capabilities {acceptInsecureCerts: false, acceptSslCerts: false, applicationCacheEnabled: false, browserConnectionEnabled: false, browserName: chrome, chrome: {chromedriverVersion: 74.0.3729.6 (255758eccf3d24..., userDataDir: C:\Users\ADMINI~1\AppData\L...}, cssSelectorsEnabled: true, databaseEnabled: false, goog:chromeOptions: {debuggerAddress: localhost:63552}, handlesAlerts: true, hasTouchScreen: false, javascriptEnabled: true, locationContextEnabled: true, mobileEmulationEnabled: false, nativeEvents: true, networkConnectionEnabled: false, pageLoadStrategy: normal, platform: XP, platformName: XP, proxy: Proxy(), rotatable: false, setWindowRect: true, strictFileInteractability: false, takesHeapSnapshot: true, takesScreenshot: true, timeouts: {implicit: 0, pageLoad: 300000, script: 30000}, unexpectedAlertBehaviour: ignore, unhandledPromptBehavior: ignore, version: 75.0.3770.142, webStorageEnabled: true}
Session ID: d5dd383fd9ff3d60067e9388d014199f
*** Element info: {Using=xpath, value=//*[@id=&quot;orderBookGrid&quot;]/div[5]/div/div[1]/div[4]/div}
	at org.openqa.selenium.remote.ErrorHandler.createThrowable(ErrorHandler.java:214)
	at org.openqa.selenium.remote.ErrorHandler.throwIfResponseFailed(ErrorHandler.java:166)
	at org.openqa.selenium.remote.http.JsonHttpResponseCodec.reconstructValue(JsonHttpResponseCodec.java:40)
	at org.openqa.selenium.remote.http.AbstractHttpResponseCodec.decode(AbstractHttpResponseCodec.java:80)
	at org.openqa.selenium.remote.http.AbstractHttpResponseCodec.decode(AbstractHttpResponseCodec.java:44)
	at org.openqa.selenium.remote.HttpCommandExecutor.execute(HttpCommandExecutor.java:158)
	at org.openqa.selenium.remote.service.DriverCommandExecutor.execute(DriverCommandExecutor.java:83)
	at org.openqa.selenium.remote.RemoteWebDriver.execute(RemoteWebDriver.java:552)
	at org.openqa.selenium.remote.RemoteWebDriver.findElement(RemoteWebDriver.java:323)
	at org.openqa.selenium.remote.RemoteWebDriver.findElementByXPath(RemoteWebDriver.java:428)
	at org.openqa.selenium.By$ByXPath.findElement(By.java:353)
	at org.openqa.selenium.remote.RemoteWebDriver.findElement(RemoteWebDriver.java:315)
	at arTestCaseFUTSTK.FUTSTKTestCase10.SellOrder(FUTSTKTestCase10.java:108)
... Removed 29 stack frames
</div> <!-- stack-trace -->
                  <em>
(Sell Order Entry > MKT Order Type > NRML PRODUCT > Validity Day.)                  </em>
                </div> <!-- method-content -->
              </div> <!-- method -->
            </div> <!-- main-panel-content rounded-window-bottom -->
          </div> <!-- suite-FUTSTKSuite-class-failed -->
          <div class="suite-FUTSTKSuite-class-failed">
            <div class="main-panel-header rounded-window-top">
              <img src="failed.png"/>
              <span class="class-name">arTestCaseFUTSTK.FUTSTKTestCase4</span>
            </div> <!-- main-panel-header rounded-window-top -->
            <div class="main-panel-content rounded-window-bottom">
              <div class="method">
                <div class="method-content">
                  <a name="BuyOrder">
                  </a> <!-- BuyOrder -->
                  <span class="method-name">BuyOrder</span>
                  <div class="stack-trace">org.openqa.selenium.NoSuchSessionException: invalid session id
  (Driver info: chromedriver=74.0.3729.6 (255758eccf3d244491b8a1317aa76e1ce10d57e9-refs/branch-heads/3729@{#29}),platform=Windows NT 10.0.17134 x86_64) (WARNING: The server did not provide any stacktrace information)
Command duration or timeout: 0 milliseconds
Build info: version: &apos;3.141.59&apos;, revision: &apos;e82be7d358&apos;, time: &apos;2018-11-14T08:25:53&apos;
System info: host: &apos;DESKTOP-0ILKHG4&apos;, ip: &apos;192.168.2.70&apos;, os.name: &apos;Windows 10&apos;, os.arch: &apos;amd64&apos;, os.version: &apos;10.0&apos;, java.version: &apos;1.8.0_131&apos;
Driver info: org.openqa.selenium.chrome.ChromeDriver
Capabilities {acceptInsecureCerts: false, acceptSslCerts: false, applicationCacheEnabled: false, browserConnectionEnabled: false, browserName: chrome, chrome: {chromedriverVersion: 74.0.3729.6 (255758eccf3d24..., userDataDir: C:\Users\ADMINI~1\AppData\L...}, cssSelectorsEnabled: true, databaseEnabled: false, goog:chromeOptions: {debuggerAddress: localhost:63185}, handlesAlerts: true, hasTouchScreen: false, javascriptEnabled: true, locationContextEnabled: true, mobileEmulationEnabled: false, nativeEvents: true, networkConnectionEnabled: false, pageLoadStrategy: normal, platform: XP, platformName: XP, proxy: Proxy(), rotatable: false, setWindowRect: true, strictFileInteractability: false, takesHeapSnapshot: true, takesScreenshot: true, timeouts: {implicit: 0, pageLoad: 300000, script: 30000}, unexpectedAlertBehaviour: ignore, unhandledPromptBehavior: ignore, version: 75.0.3770.142, webStorageEnabled: true}
Session ID: 514d2b6f42a25b8ca2b6418353d00555
*** Element info: {Using=xpath, value=//*[@id=&quot;quantity_ipfield&quot;]/span[2]/button}
	at org.openqa.selenium.remote.ErrorHandler.createThrowable(ErrorHandler.java:214)
	at org.openqa.selenium.remote.ErrorHandler.throwIfResponseFailed(ErrorHandler.java:166)
	at org.openqa.selenium.remote.http.JsonHttpResponseCodec.reconstructValue(JsonHttpResponseCodec.java:40)
	at org.openqa.selenium.remote.http.AbstractHttpResponseCodec.decode(AbstractHttpResponseCodec.java:80)
	at org.openqa.selenium.remote.http.AbstractHttpResponseCodec.decode(AbstractHttpResponseCodec.java:44)
	at org.openqa.selenium.remote.HttpCommandExecutor.execute(HttpCommandExecutor.java:158)
	at org.openqa.selenium.remote.service.DriverCommandExecutor.execute(DriverCommandExecutor.java:83)
	at org.openqa.selenium.remote.RemoteWebDriver.execute(RemoteWebDriver.java:552)
	at org.openqa.selenium.remote.RemoteWebDriver.findElement(RemoteWebDriver.java:323)
	at org.openqa.selenium.remote.RemoteWebDriver.findElementByXPath(RemoteWebDriver.java:428)
	at org.openqa.selenium.By$ByXPath.findElement(By.java:353)
	at org.openqa.selenium.remote.RemoteWebDriver.findElement(RemoteWebDriver.java:315)
	at arTestCaseFUTSTK.FUTSTKTestCase4.BuyOrder(FUTSTKTestCase4.java:133)
... Removed 29 stack frames
</div> <!-- stack-trace -->
                  <em>
(Place Order Entry > Limit Order Type > MIS PRODUCT >  Validity Day only.)                  </em>
                </div> <!-- method-content -->
              </div> <!-- method -->
            </div> <!-- main-panel-content rounded-window-bottom -->
          </div> <!-- suite-FUTSTKSuite-class-failed -->
          <div class="suite-FUTSTKSuite-class-failed">
            <div class="main-panel-header rounded-window-top">
              <img src="failed.png"/>
              <span class="class-name">arTestCaseFUTSTK.FUTSTKTestCase24</span>
            </div> <!-- main-panel-header rounded-window-top -->
            <div class="main-panel-content rounded-window-bottom">
              <div class="method">
                <div class="method-content">
                  <a name="SellOrder">
                  </a> <!-- SellOrder -->
                  <span class="method-name">SellOrder</span>
                  <div class="stack-trace">org.openqa.selenium.ElementClickInterceptedException: element click intercepted: Element &lt;button class=&quot;btn btn-success&quot; id=&quot;btnConfirmOrder&quot; style=&quot;border: 1px solid rgb(92, 184, 92);&quot;&gt;...&lt;/button&gt; is not clickable at point (599, 548). Other element would receive the click: &lt;div id=&quot;more_less_fields&quot; class=&quot;col-md-16 text-left no-padding&quot;&gt;...&lt;/div&gt;
  (Session info: chrome=75.0.3770.142)
  (Driver info: chromedriver=74.0.3729.6 (255758eccf3d244491b8a1317aa76e1ce10d57e9-refs/branch-heads/3729@{#29}),platform=Windows NT 10.0.17134 x86_64) (WARNING: The server did not provide any stacktrace information)
Command duration or timeout: 0 milliseconds
Build info: version: &apos;3.141.59&apos;, revision: &apos;e82be7d358&apos;, time: &apos;2018-11-14T08:25:53&apos;
System info: host: &apos;DESKTOP-0ILKHG4&apos;, ip: &apos;192.168.2.70&apos;, os.name: &apos;Windows 10&apos;, os.arch: &apos;amd64&apos;, os.version: &apos;10.0&apos;, java.version: &apos;1.8.0_131&apos;
Driver info: org.openqa.selenium.chrome.ChromeDriver
Capabilities {acceptInsecureCerts: false, acceptSslCerts: false, applicationCacheEnabled: false, browserConnectionEnabled: false, browserName: chrome, chrome: {chromedriverVersion: 74.0.3729.6 (255758eccf3d24..., userDataDir: C:\Users\ADMINI~1\AppData\L...}, cssSelectorsEnabled: true, databaseEnabled: false, goog:chromeOptions: {debuggerAddress: localhost:64339}, handlesAlerts: true, hasTouchScreen: false, javascriptEnabled: true, locationContextEnabled: true, mobileEmulationEnabled: false, nativeEvents: true, networkConnectionEnabled: false, pageLoadStrategy: normal, platform: XP, platformName: XP, proxy: Proxy(), rotatable: false, setWindowRect: true, strictFileInteractability: false, takesHeapSnapshot: true, takesScreenshot: true, timeouts: {implicit: 0, pageLoad: 300000, script: 30000}, unexpectedAlertBehaviour: ignore, unhandledPromptBehavior: ignore, version: 75.0.3770.142, webStorageEnabled: true}
Session ID: 1c576c34c7b6b5acc71ef18bb75e30a7
	at org.openqa.selenium.remote.ErrorHandler.createThrowable(ErrorHandler.java:214)
	at org.openqa.selenium.remote.ErrorHandler.throwIfResponseFailed(ErrorHandler.java:166)
	at org.openqa.selenium.remote.http.JsonHttpResponseCodec.reconstructValue(JsonHttpResponseCodec.java:40)
	at org.openqa.selenium.remote.http.AbstractHttpResponseCodec.decode(AbstractHttpResponseCodec.java:80)
	at org.openqa.selenium.remote.http.AbstractHttpResponseCodec.decode(AbstractHttpResponseCodec.java:44)
	at org.openqa.selenium.remote.HttpCommandExecutor.execute(HttpCommandExecutor.java:158)
	at org.openqa.selenium.remote.service.DriverCommandExecutor.execute(DriverCommandExecutor.java:83)
	at org.openqa.selenium.remote.RemoteWebDriver.execute(RemoteWebDriver.java:552)
	at org.openqa.selenium.remote.RemoteWebElement.execute(RemoteWebElement.java:285)
	at org.openqa.selenium.remote.RemoteWebElement.click(RemoteWebElement.java:84)
	at arTestCaseFUTSTK.FUTSTKTestCase24.SellOrder(FUTSTKTestCase24.java:95)
... Removed 29 stack frames
</div> <!-- stack-trace -->
                  <em>
(Sell Order Entry > SL-M Order Type > MIS PRODUCT > Validity DAY.)                  </em>
                </div> <!-- method-content -->
              </div> <!-- method -->
            </div> <!-- main-panel-content rounded-window-bottom -->
          </div> <!-- suite-FUTSTKSuite-class-failed -->
          <div class="suite-FUTSTKSuite-class-failed">
            <div class="main-panel-header rounded-window-top">
              <img src="failed.png"/>
              <span class="class-name">arTestCaseFUTSTK.FUTSTKTestCase11</span>
            </div> <!-- main-panel-header rounded-window-top -->
            <div class="main-panel-content rounded-window-bottom">
              <div class="method">
                <div class="method-content">
                  <a name="BuyOrder">
                  </a> <!-- BuyOrder -->
                  <span class="method-name">BuyOrder</span>
                  <div class="stack-trace">org.openqa.selenium.NoSuchSessionException: invalid session id
  (Driver info: chromedriver=74.0.3729.6 (255758eccf3d244491b8a1317aa76e1ce10d57e9-refs/branch-heads/3729@{#29}),platform=Windows NT 10.0.17134 x86_64) (WARNING: The server did not provide any stacktrace information)
Command duration or timeout: 0 milliseconds
Build info: version: &apos;3.141.59&apos;, revision: &apos;e82be7d358&apos;, time: &apos;2018-11-14T08:25:53&apos;
System info: host: &apos;DESKTOP-0ILKHG4&apos;, ip: &apos;192.168.2.70&apos;, os.name: &apos;Windows 10&apos;, os.arch: &apos;amd64&apos;, os.version: &apos;10.0&apos;, java.version: &apos;1.8.0_131&apos;
Driver info: org.openqa.selenium.chrome.ChromeDriver
Capabilities {acceptInsecureCerts: false, acceptSslCerts: false, applicationCacheEnabled: false, browserConnectionEnabled: false, browserName: chrome, chrome: {chromedriverVersion: 74.0.3729.6 (255758eccf3d24..., userDataDir: C:\Users\ADMINI~1\AppData\L...}, cssSelectorsEnabled: true, databaseEnabled: false, goog:chromeOptions: {debuggerAddress: localhost:63597}, handlesAlerts: true, hasTouchScreen: false, javascriptEnabled: true, locationContextEnabled: true, mobileEmulationEnabled: false, nativeEvents: true, networkConnectionEnabled: false, pageLoadStrategy: normal, platform: XP, platformName: XP, proxy: Proxy(), rotatable: false, setWindowRect: true, strictFileInteractability: false, takesHeapSnapshot: true, takesScreenshot: true, timeouts: {implicit: 0, pageLoad: 300000, script: 30000}, unexpectedAlertBehaviour: ignore, unhandledPromptBehavior: ignore, version: 75.0.3770.142, webStorageEnabled: true}
Session ID: e2d954592bcfa6a5007c49b47e75768d
*** Element info: {Using=xpath, value=//*[@id=&quot;quantity_ipfield&quot;]/span[2]/button}
	at org.openqa.selenium.remote.ErrorHandler.createThrowable(ErrorHandler.java:214)
	at org.openqa.selenium.remote.ErrorHandler.throwIfResponseFailed(ErrorHandler.java:166)
	at org.openqa.selenium.remote.http.JsonHttpResponseCodec.reconstructValue(JsonHttpResponseCodec.java:40)
	at org.openqa.selenium.remote.http.AbstractHttpResponseCodec.decode(AbstractHttpResponseCodec.java:80)
	at org.openqa.selenium.remote.http.AbstractHttpResponseCodec.decode(AbstractHttpResponseCodec.java:44)
	at org.openqa.selenium.remote.HttpCommandExecutor.execute(HttpCommandExecutor.java:158)
	at org.openqa.selenium.remote.service.DriverCommandExecutor.execute(DriverCommandExecutor.java:83)
	at org.openqa.selenium.remote.RemoteWebDriver.execute(RemoteWebDriver.java:552)
	at org.openqa.selenium.remote.RemoteWebDriver.findElement(RemoteWebDriver.java:323)
	at org.openqa.selenium.remote.RemoteWebDriver.findElementByXPath(RemoteWebDriver.java:428)
	at org.openqa.selenium.By$ByXPath.findElement(By.java:353)
	at org.openqa.selenium.remote.RemoteWebDriver.findElement(RemoteWebDriver.java:315)
	at arTestCaseFUTSTK.FUTSTKTestCase11.BuyOrder(FUTSTKTestCase11.java:131)
... Removed 29 stack frames
</div> <!-- stack-trace -->
                  <em>
(Place Order Entry > MKT Order Type > MIS PRODUCT > Validity Day.)                  </em>
                </div> <!-- method-content -->
              </div> <!-- method -->
            </div> <!-- main-panel-content rounded-window-bottom -->
          </div> <!-- suite-FUTSTKSuite-class-failed -->
          <div class="suite-FUTSTKSuite-class-failed">
            <div class="main-panel-header rounded-window-top">
              <img src="failed.png"/>
              <span class="class-name">arTestCaseFUTSTK.FUTSTKTestCase2</span>
            </div> <!-- main-panel-header rounded-window-top -->
            <div class="main-panel-content rounded-window-bottom">
              <div class="method">
                <div class="method-content">
                  <a name="SellOrder">
                  </a> <!-- SellOrder -->
                  <span class="method-name">SellOrder</span>
                  <div class="stack-trace">org.openqa.selenium.StaleElementReferenceException: stale element reference: element is not attached to the page document
  (Session info: chrome=75.0.3770.142)
  (Driver info: chromedriver=74.0.3729.6 (255758eccf3d244491b8a1317aa76e1ce10d57e9-refs/branch-heads/3729@{#29}),platform=Windows NT 10.0.17134 x86_64) (WARNING: The server did not provide any stacktrace information)
Command duration or timeout: 0 milliseconds
For documentation on this error, please visit: https://www.seleniumhq.org/exceptions/stale_element_reference.html
Build info: version: &apos;3.141.59&apos;, revision: &apos;e82be7d358&apos;, time: &apos;2018-11-14T08:25:53&apos;
System info: host: &apos;DESKTOP-0ILKHG4&apos;, ip: &apos;192.168.2.70&apos;, os.name: &apos;Windows 10&apos;, os.arch: &apos;amd64&apos;, os.version: &apos;10.0&apos;, java.version: &apos;1.8.0_131&apos;
Driver info: org.openqa.selenium.chrome.ChromeDriver
Capabilities {acceptInsecureCerts: false, acceptSslCerts: false, applicationCacheEnabled: false, browserConnectionEnabled: false, browserName: chrome, chrome: {chromedriverVersion: 74.0.3729.6 (255758eccf3d24..., userDataDir: C:\Users\ADMINI~1\AppData\L...}, cssSelectorsEnabled: true, databaseEnabled: false, goog:chromeOptions: {debuggerAddress: localhost:63068}, handlesAlerts: true, hasTouchScreen: false, javascriptEnabled: true, locationContextEnabled: true, mobileEmulationEnabled: false, nativeEvents: true, networkConnectionEnabled: false, pageLoadStrategy: normal, platform: XP, platformName: XP, proxy: Proxy(), rotatable: false, setWindowRect: true, strictFileInteractability: false, takesHeapSnapshot: true, takesScreenshot: true, timeouts: {implicit: 0, pageLoad: 300000, script: 30000}, unexpectedAlertBehaviour: ignore, unhandledPromptBehavior: ignore, version: 75.0.3770.142, webStorageEnabled: true}
Session ID: ccc76b911f3801bc39b32ebd4ae0ee6f
	at org.openqa.selenium.remote.ErrorHandler.createThrowable(ErrorHandler.java:214)
	at org.openqa.selenium.remote.ErrorHandler.throwIfResponseFailed(ErrorHandler.java:166)
	at org.openqa.selenium.remote.http.JsonHttpResponseCodec.reconstructValue(JsonHttpResponseCodec.java:40)
	at org.openqa.selenium.remote.http.AbstractHttpResponseCodec.decode(AbstractHttpResponseCodec.java:80)
	at org.openqa.selenium.remote.http.AbstractHttpResponseCodec.decode(AbstractHttpResponseCodec.java:44)
	at org.openqa.selenium.remote.HttpCommandExecutor.execute(HttpCommandExecutor.java:158)
	at org.openqa.selenium.remote.service.DriverCommandExecutor.execute(DriverCommandExecutor.java:83)
	at org.openqa.selenium.remote.RemoteWebDriver.execute(RemoteWebDriver.java:552)
	at org.openqa.selenium.remote.RemoteWebElement.execute(RemoteWebElement.java:285)
	at org.openqa.selenium.remote.RemoteWebElement.click(RemoteWebElement.java:84)
	at arTestCaseFUTSTK.FUTSTKTestCase2.SellOrder(FUTSTKTestCase2.java:96)
... Removed 29 stack frames
</div> <!-- stack-trace -->
                  <em>
(Sell Order Entry > Limit Order Type > NRML PRODUCT >  Validity Day only.)                  </em>
                </div> <!-- method-content -->
              </div> <!-- method -->
            </div> <!-- main-panel-content rounded-window-bottom -->
          </div> <!-- suite-FUTSTKSuite-class-failed -->
          <div class="suite-FUTSTKSuite-class-passed">
            <div class="main-panel-header rounded-window-top">
              <img src="passed.png"/>
              <span class="class-name">arTestCaseFUTSTK.FUTSTKTestCase7</span>
            </div> <!-- main-panel-header rounded-window-top -->
            <div class="main-panel-content rounded-window-bottom">
              <div class="method">
                <div class="method-content">
                  <a name="BuyOrder">
                  </a> <!-- BuyOrder -->
                  <span class="method-name">BuyOrder</span>
                  <em>
(Place Order Entry > Limit Order Type > MIS PRODUCT >  Validity IOC.)                  </em>
                </div> <!-- method-content -->
              </div> <!-- method -->
            </div> <!-- main-panel-content rounded-window-bottom -->
          </div> <!-- suite-FUTSTKSuite-class-passed -->
          <div class="suite-FUTSTKSuite-class-passed">
            <div class="main-panel-header rounded-window-top">
              <img src="passed.png"/>
              <span class="class-name">arTestCaseFUTSTK.FUTSTKTestCase17</span>
            </div> <!-- main-panel-header rounded-window-top -->
            <div class="main-panel-content rounded-window-bottom">
              <div class="method">
                <div class="method-content">
                  <a name="BuyOrder">
                  </a> <!-- BuyOrder -->
                  <span class="method-name">BuyOrder</span>
                  <em>
(Buy Order Entry > SL Order Type > NRML PRODUCT >  Validity DAY.)                  </em>
                </div> <!-- method-content -->
              </div> <!-- method -->
            </div> <!-- main-panel-content rounded-window-bottom -->
          </div> <!-- suite-FUTSTKSuite-class-passed -->
          <div class="suite-FUTSTKSuite-class-passed">
            <div class="main-panel-header rounded-window-top">
              <img src="passed.png"/>
              <span class="class-name">arTestCaseFUTSTK.FUTSTKTestCase13</span>
            </div> <!-- main-panel-header rounded-window-top -->
            <div class="main-panel-content rounded-window-bottom">
              <div class="method">
                <div class="method-content">
                  <a name="BuyOrder">
                  </a> <!-- BuyOrder -->
                  <span class="method-name">BuyOrder</span>
                  <em>
(Place Order Entry > MKT Order Type > NRML PRODUCT >  Validity IOC.)                  </em>
                </div> <!-- method-content -->
              </div> <!-- method -->
            </div> <!-- main-panel-content rounded-window-bottom -->
          </div> <!-- suite-FUTSTKSuite-class-passed -->
          <div class="suite-FUTSTKSuite-class-passed">
            <div class="main-panel-header rounded-window-top">
              <img src="passed.png"/>
              <span class="class-name">arTestCaseFUTSTK.FUTSTKTestCase3</span>
            </div> <!-- main-panel-header rounded-window-top -->
            <div class="main-panel-content rounded-window-bottom">
              <div class="method">
                <div class="method-content">
                  <a name="BuyOrder">
                  </a> <!-- BuyOrder -->
                  <span class="method-name">BuyOrder</span>
                  <em>
(Buy Order Entry > Limit Order Type > MIS PRODUCT >  Validity Day only.)                  </em>
                </div> <!-- method-content -->
              </div> <!-- method -->
            </div> <!-- main-panel-content rounded-window-bottom -->
          </div> <!-- suite-FUTSTKSuite-class-passed -->
          <div class="suite-FUTSTKSuite-class-passed">
            <div class="main-panel-header rounded-window-top">
              <img src="passed.png"/>
              <span class="class-name">arTestCaseFUTSTK.FUTSTKTestCase16</span>
            </div> <!-- main-panel-header rounded-window-top -->
            <div class="main-panel-content rounded-window-bottom">
              <div class="method">
                <div class="method-content">
                  <a name="SellOrder">
                  </a> <!-- SellOrder -->
                  <span class="method-name">SellOrder</span>
                  <em>
(Sell Order Entry > MKT Order Type > MIS PRODUCT >  Validity IOC.)                  </em>
                </div> <!-- method-content -->
              </div> <!-- method -->
            </div> <!-- main-panel-content rounded-window-bottom -->
          </div> <!-- suite-FUTSTKSuite-class-passed -->
          <div class="suite-FUTSTKSuite-class-passed">
            <div class="main-panel-header rounded-window-top">
              <img src="passed.png"/>
              <span class="class-name">arTestCaseFUTSTK.FUTSTKTestCase5</span>
            </div> <!-- main-panel-header rounded-window-top -->
            <div class="main-panel-content rounded-window-bottom">
              <div class="method">
                <div class="method-content">
                  <a name="BuyOrder">
                  </a> <!-- BuyOrder -->
                  <span class="method-name">BuyOrder</span>
                  <em>
(Place Order Entry > Limit Order Type > MIS PRODUCT >  Validity IOC.)                  </em>
                </div> <!-- method-content -->
              </div> <!-- method -->
            </div> <!-- main-panel-content rounded-window-bottom -->
          </div> <!-- suite-FUTSTKSuite-class-passed -->
          <div class="suite-FUTSTKSuite-class-passed">
            <div class="main-panel-header rounded-window-top">
              <img src="passed.png"/>
              <span class="class-name">arTestCaseFUTSTK.FUTSTKTestCase18</span>
            </div> <!-- main-panel-header rounded-window-top -->
            <div class="main-panel-content rounded-window-bottom">
              <div class="method">
                <div class="method-content">
                  <a name="SellOrder">
                  </a> <!-- SellOrder -->
                  <span class="method-name">SellOrder</span>
                  <em>
(Sell Order Entry > SL Order Type > NRML PRODUCT >  Validity DAY.)                  </em>
                </div> <!-- method-content -->
              </div> <!-- method -->
            </div> <!-- main-panel-content rounded-window-bottom -->
          </div> <!-- suite-FUTSTKSuite-class-passed -->
          <div class="suite-FUTSTKSuite-class-passed">
            <div class="main-panel-header rounded-window-top">
              <img src="passed.png"/>
              <span class="class-name">arTestCaseFUTSTK.FUTSTKTestCase22</span>
            </div> <!-- main-panel-header rounded-window-top -->
            <div class="main-panel-content rounded-window-bottom">
              <div class="method">
                <div class="method-content">
                  <a name="SellOrder">
                  </a> <!-- SellOrder -->
                  <span class="method-name">SellOrder</span>
                  <em>
(Sell Order Entry > SL-M Order Type > NRML PRODUCT >  Validity DAY.)                  </em>
                </div> <!-- method-content -->
              </div> <!-- method -->
            </div> <!-- main-panel-content rounded-window-bottom -->
          </div> <!-- suite-FUTSTKSuite-class-passed -->
          <div class="suite-FUTSTKSuite-class-passed">
            <div class="main-panel-header rounded-window-top">
              <img src="passed.png"/>
              <span class="class-name">arTestCaseFUTSTK.FUTSTKTestCase1</span>
            </div> <!-- main-panel-header rounded-window-top -->
            <div class="main-panel-content rounded-window-bottom">
              <div class="method">
                <div class="method-content">
                  <a name="BuyOrder">
                  </a> <!-- BuyOrder -->
                  <span class="method-name">BuyOrder</span>
                  <em>
(Place Order Entry > Limit Order Type > NRML PRODUCT >  Validity Day only.)                  </em>
                </div> <!-- method-content -->
              </div> <!-- method -->
            </div> <!-- main-panel-content rounded-window-bottom -->
          </div> <!-- suite-FUTSTKSuite-class-passed -->
          <div class="suite-FUTSTKSuite-class-passed">
            <div class="main-panel-header rounded-window-top">
              <img src="passed.png"/>
              <span class="class-name">arTestCaseFUTSTK.FUTSTKTestCase15</span>
            </div> <!-- main-panel-header rounded-window-top -->
            <div class="main-panel-content rounded-window-bottom">
              <div class="method">
                <div class="method-content">
                  <a name="BuyOrder">
                  </a> <!-- BuyOrder -->
                  <span class="method-name">BuyOrder</span>
                  <em>
(Buy Order Entry > MKT Order Type > MIS PRODUCT >  Validity IOC.)                  </em>
                </div> <!-- method-content -->
              </div> <!-- method -->
            </div> <!-- main-panel-content rounded-window-bottom -->
          </div> <!-- suite-FUTSTKSuite-class-passed -->
          <div class="suite-FUTSTKSuite-class-passed">
            <div class="main-panel-header rounded-window-top">
              <img src="passed.png"/>
              <span class="class-name">arTestCaseFUTSTK.FUTSTKTestCase8</span>
            </div> <!-- main-panel-header rounded-window-top -->
            <div class="main-panel-content rounded-window-bottom">
              <div class="method">
                <div class="method-content">
                  <a name="SellOrder">
                  </a> <!-- SellOrder -->
                  <span class="method-name">SellOrder</span>
                  <em>
(Sell Order Entry > Limit Order Type > MIS PRODUCT >  Validity IOC.)                  </em>
                </div> <!-- method-content -->
              </div> <!-- method -->
            </div> <!-- main-panel-content rounded-window-bottom -->
          </div> <!-- suite-FUTSTKSuite-class-passed -->
          <div class="suite-FUTSTKSuite-class-passed">
            <div class="main-panel-header rounded-window-top">
              <img src="passed.png"/>
              <span class="class-name">arTestCaseFUTSTK.FUTSTKTestCase6</span>
            </div> <!-- main-panel-header rounded-window-top -->
            <div class="main-panel-content rounded-window-bottom">
              <div class="method">
                <div class="method-content">
                  <a name="SellOrder">
                  </a> <!-- SellOrder -->
                  <span class="method-name">SellOrder</span>
                  <em>
(Sell Order Entry > Limit Order Type > MIS PRODUCT >  Validity IOC.)                  </em>
                </div> <!-- method-content -->
              </div> <!-- method -->
            </div> <!-- main-panel-content rounded-window-bottom -->
          </div> <!-- suite-FUTSTKSuite-class-passed -->
          <div class="suite-FUTSTKSuite-class-passed">
            <div class="main-panel-header rounded-window-top">
              <img src="passed.png"/>
              <span class="class-name">arTestCaseFUTSTK.FUTSTKTestCase14</span>
            </div> <!-- main-panel-header rounded-window-top -->
            <div class="main-panel-content rounded-window-bottom">
              <div class="method">
                <div class="method-content">
                  <a name="SellOrder">
                  </a> <!-- SellOrder -->
                  <span class="method-name">SellOrder</span>
                  <em>
(Sell Order Entry > MKT Order Type > NRML PRODUCT >  Validity IOC.)                  </em>
                </div> <!-- method-content -->
              </div> <!-- method -->
            </div> <!-- main-panel-content rounded-window-bottom -->
          </div> <!-- suite-FUTSTKSuite-class-passed -->
        </div> <!-- panel FUTSTKSuite -->
        <div panel-name="test-xml-FUTSTKSuite" class="panel">
          <div class="main-panel-header rounded-window-top">
            <span class="header-content">D:\Eclipse2019-06\AR_Web\ARFUTSTKtestng.xml</span>
          </div> <!-- main-panel-header rounded-window-top -->
          <div class="main-panel-content rounded-window-bottom">
            <pre>
&lt;?xml version=&quot;1.0&quot; encoding=&quot;UTF-8&quot;?&gt;
&lt;!DOCTYPE suite SYSTEM &quot;http://testng.org/testng-1.0.dtd&quot;&gt;
&lt;suite guice-stage=&quot;DEVELOPMENT&quot; name=&quot;FUTSTKSuite&quot;&gt;
  &lt;test thread-count=&quot;5&quot; name=&quot;TestCases&quot;&gt;
    &lt;classes&gt;
      &lt;class name=&quot;arTestCaseFUTSTK.FUTSTKTestCase1&quot;/&gt;
      &lt;class name=&quot;arTestCaseFUTSTK.FUTSTKTestCase2&quot;/&gt;
      &lt;class name=&quot;arTestCaseFUTSTK.FUTSTKTestCase3&quot;/&gt;
      &lt;class name=&quot;arTestCaseFUTSTK.FUTSTKTestCase4&quot;/&gt;
      &lt;class name=&quot;arTestCaseFUTSTK.FUTSTKTestCase5&quot;/&gt;
      &lt;class name=&quot;arTestCaseFUTSTK.FUTSTKTestCase6&quot;/&gt;
      &lt;class name=&quot;arTestCaseFUTSTK.FUTSTKTestCase7&quot;/&gt;
      &lt;class name=&quot;arTestCaseFUTSTK.FUTSTKTestCase8&quot;/&gt;
      &lt;class name=&quot;arTestCaseFUTSTK.FUTSTKTestCase9&quot;/&gt;
      &lt;class name=&quot;arTestCaseFUTSTK.FUTSTKTestCase10&quot;/&gt;
      &lt;class name=&quot;arTestCaseFUTSTK.FUTSTKTestCase11&quot;/&gt;
      &lt;class name=&quot;arTestCaseFUTSTK.FUTSTKTestCase12&quot;/&gt;
      &lt;class name=&quot;arTestCaseFUTSTK.FUTSTKTestCase13&quot;/&gt;
      &lt;class name=&quot;arTestCaseFUTSTK.FUTSTKTestCase14&quot;/&gt;
      &lt;class name=&quot;arTestCaseFUTSTK.FUTSTKTestCase15&quot;/&gt;
      &lt;class name=&quot;arTestCaseFUTSTK.FUTSTKTestCase16&quot;/&gt;
      &lt;class name=&quot;arTestCaseFUTSTK.FUTSTKTestCase17&quot;/&gt;
      &lt;class name=&quot;arTestCaseFUTSTK.FUTSTKTestCase18&quot;/&gt;
      &lt;class name=&quot;arTestCaseFUTSTK.FUTSTKTestCase19&quot;/&gt;
      &lt;class name=&quot;arTestCaseFUTSTK.FUTSTKTestCase20&quot;/&gt;
      &lt;class name=&quot;arTestCaseFUTSTK.FUTSTKTestCase21&quot;/&gt;
      &lt;class name=&quot;arTestCaseFUTSTK.FUTSTKTestCase22&quot;/&gt;
      &lt;class name=&quot;arTestCaseFUTSTK.FUTSTKTestCase23&quot;/&gt;
      &lt;class name=&quot;arTestCaseFUTSTK.FUTSTKTestCase24&quot;/&gt;
    &lt;/classes&gt;
  &lt;/test&gt; &lt;!-- TestCases --&gt;
&lt;/suite&gt; &lt;!-- FUTSTKSuite --&gt;
            </pre>
          </div> <!-- main-panel-content rounded-window-bottom -->
        </div> <!-- panel -->
        <div panel-name="testlist-FUTSTKSuite" class="panel">
          <div class="main-panel-header rounded-window-top">
            <span class="header-content">Tests for FUTSTKSuite</span>
          </div> <!-- main-panel-header rounded-window-top -->
          <div class="main-panel-content rounded-window-bottom">
            <ul>
              <li>
                <span class="test-name">TestCases (24 classes)</span>
              </li>
            </ul>
          </div> <!-- main-panel-content rounded-window-bottom -->
        </div> <!-- panel -->
        <div panel-name="group-FUTSTKSuite" class="panel">
          <div class="main-panel-header rounded-window-top">
            <span class="header-content">Groups for FUTSTKSuite</span>
          </div> <!-- main-panel-header rounded-window-top -->
          <div class="main-panel-content rounded-window-bottom">
          </div> <!-- main-panel-content rounded-window-bottom -->
        </div> <!-- panel -->
        <div panel-name="times-FUTSTKSuite" class="panel">
          <div class="main-panel-header rounded-window-top">
            <span class="header-content">Times for FUTSTKSuite</span>
          </div> <!-- main-panel-header rounded-window-top -->
          <div class="main-panel-content rounded-window-bottom">
            <div class="times-div">
              <script type="text/javascript">
suiteTableInitFunctions.push('tableData_FUTSTKSuite');
function tableData_FUTSTKSuite() {
var data = new google.visualization.DataTable();
data.addColumn('number', 'Number');
data.addColumn('string', 'Method');
data.addColumn('string', 'Class');
data.addColumn('number', 'Time (ms)');
data.addRows(24);
data.setCell(0, 0, 0)
data.setCell(0, 1, 'SellOrder')
data.setCell(0, 2, 'arTestCaseFUTSTK.FUTSTKTestCase10')
data.setCell(0, 3, 81923);
data.setCell(1, 0, 1)
data.setCell(1, 1, 'BuyOrder')
data.setCell(1, 2, 'arTestCaseFUTSTK.FUTSTKTestCase3')
data.setCell(1, 3, 74218);
data.setCell(2, 0, 2)
data.setCell(2, 1, 'BuyOrder')
data.setCell(2, 2, 'arTestCaseFUTSTK.FUTSTKTestCase1')
data.setCell(2, 3, 72269);
data.setCell(3, 0, 3)
data.setCell(3, 1, 'SellOrder')
data.setCell(3, 2, 'arTestCaseFUTSTK.FUTSTKTestCase22')
data.setCell(3, 3, 70639);
data.setCell(4, 0, 4)
data.setCell(4, 1, 'BuyOrder')
data.setCell(4, 2, 'arTestCaseFUTSTK.FUTSTKTestCase17')
data.setCell(4, 3, 62381);
data.setCell(5, 0, 5)
data.setCell(5, 1, 'BuyOrder')
data.setCell(5, 2, 'arTestCaseFUTSTK.FUTSTKTestCase5')
data.setCell(5, 3, 54111);
data.setCell(6, 0, 6)
data.setCell(6, 1, 'BuyOrder')
data.setCell(6, 2, 'arTestCaseFUTSTK.FUTSTKTestCase4')
data.setCell(6, 3, 53327);
data.setCell(7, 0, 7)
data.setCell(7, 1, 'SellOrder')
data.setCell(7, 2, 'arTestCaseFUTSTK.FUTSTKTestCase18')
data.setCell(7, 3, 49250);
data.setCell(8, 0, 8)
data.setCell(8, 1, 'SellOrder')
data.setCell(8, 2, 'arTestCaseFUTSTK.FUTSTKTestCase16')
data.setCell(8, 3, 47497);
data.setCell(9, 0, 9)
data.setCell(9, 1, 'BuyOrder')
data.setCell(9, 2, 'arTestCaseFUTSTK.FUTSTKTestCase9')
data.setCell(9, 3, 46276);
data.setCell(10, 0, 10)
data.setCell(10, 1, 'SellOrder')
data.setCell(10, 2, 'arTestCaseFUTSTK.FUTSTKTestCase12')
data.setCell(10, 3, 45498);
data.setCell(11, 0, 11)
data.setCell(11, 1, 'BuyOrder')
data.setCell(11, 2, 'arTestCaseFUTSTK.FUTSTKTestCase11')
data.setCell(11, 3, 40516);
data.setCell(12, 0, 12)
data.setCell(12, 1, 'SellOrder')
data.setCell(12, 2, 'arTestCaseFUTSTK.FUTSTKTestCase2')
data.setCell(12, 3, 39312);
data.setCell(13, 0, 13)
data.setCell(13, 1, 'SellOrder')
data.setCell(13, 2, 'arTestCaseFUTSTK.FUTSTKTestCase20')
data.setCell(13, 3, 36885);
data.setCell(14, 0, 14)
data.setCell(14, 1, 'SellOrder')
data.setCell(14, 2, 'arTestCaseFUTSTK.FUTSTKTestCase14')
data.setCell(14, 3, 34519);
data.setCell(15, 0, 15)
data.setCell(15, 1, 'BuyOrder')
data.setCell(15, 2, 'arTestCaseFUTSTK.FUTSTKTestCase7')
data.setCell(15, 3, 33606);
data.setCell(16, 0, 16)
data.setCell(16, 1, 'BuyOrder')
data.setCell(16, 2, 'arTestCaseFUTSTK.FUTSTKTestCase23')
data.setCell(16, 3, 33302);
data.setCell(17, 0, 17)
data.setCell(17, 1, 'SellOrder')
data.setCell(17, 2, 'arTestCaseFUTSTK.FUTSTKTestCase8')
data.setCell(17, 3, 33223);
data.setCell(18, 0, 18)
data.setCell(18, 1, 'BuyOrder')
data.setCell(18, 2, 'arTestCaseFUTSTK.FUTSTKTestCase15')
data.setCell(18, 3, 32493);
data.setCell(19, 0, 19)
data.setCell(19, 1, 'BuyOrder')
data.setCell(19, 2, 'arTestCaseFUTSTK.FUTSTKTestCase13')
data.setCell(19, 3, 31971);
data.setCell(20, 0, 20)
data.setCell(20, 1, 'SellOrder')
data.setCell(20, 2, 'arTestCaseFUTSTK.FUTSTKTestCase24')
data.setCell(20, 3, 31165);
data.setCell(21, 0, 21)
data.setCell(21, 1, 'SellOrder')
data.setCell(21, 2, 'arTestCaseFUTSTK.FUTSTKTestCase6')
data.setCell(21, 3, 30743);
data.setCell(22, 0, 22)
data.setCell(22, 1, 'BuyOrder')
data.setCell(22, 2, 'arTestCaseFUTSTK.FUTSTKTestCase19')
data.setCell(22, 3, 30036);
data.setCell(23, 0, 23)
data.setCell(23, 1, 'BuyOrder')
data.setCell(23, 2, 'arTestCaseFUTSTK.FUTSTKTestCase21')
data.setCell(23, 3, 27438);
window.suiteTableData['FUTSTKSuite']= { tableData: data, tableDiv: 'times-div-FUTSTKSuite'}
return data;
}
              </script>
              <span class="suite-total-time">Total running time: 18 minutes</span>
              <div id="times-div-FUTSTKSuite">
              </div> <!-- times-div-FUTSTKSuite -->
            </div> <!-- times-div -->
          </div> <!-- main-panel-content rounded-window-bottom -->
        </div> <!-- panel -->
        <div panel-name="reporter-FUTSTKSuite" class="panel">
          <div class="main-panel-header rounded-window-top">
            <span class="header-content">Reporter output for FUTSTKSuite</span>
          </div> <!-- main-panel-header rounded-window-top -->
          <div class="main-panel-content rounded-window-bottom">
          </div> <!-- main-panel-content rounded-window-bottom -->
        </div> <!-- panel -->
        <div panel-name="ignored-methods-FUTSTKSuite" class="panel">
          <div class="main-panel-header rounded-window-top">
            <span class="header-content">0 ignored methods</span>
          </div> <!-- main-panel-header rounded-window-top -->
          <div class="main-panel-content rounded-window-bottom">
          </div> <!-- main-panel-content rounded-window-bottom -->
        </div> <!-- panel -->
        <div panel-name="chronological-FUTSTKSuite" class="panel">
          <div class="main-panel-header rounded-window-top">
            <span class="header-content">Methods in chronological order</span>
          </div> <!-- main-panel-header rounded-window-top -->
          <div class="main-panel-content rounded-window-bottom">
            <div class="chronological-class">
              <div class="chronological-class-name">arTestCaseFUTSTK.FUTSTKTestCase1</div> <!-- chronological-class-name -->
              <div class="test-method">
                <span class="method-name">BuyOrder</span>
                <span class="method-start">0 ms</span>
              </div> <!-- test-method -->
            </div> <!-- chronological-class -->
            <div class="chronological-class">
              <div class="chronological-class-name">arTestCaseFUTSTK.FUTSTKTestCase2</div> <!-- chronological-class-name -->
              <div class="test-method">
                <img src="failed.png">
                </img>
                <span class="method-name">SellOrder</span>
                <span class="method-start">72281 ms</span>
              </div> <!-- test-method -->
            </div> <!-- chronological-class -->
            <div class="chronological-class">
              <div class="chronological-class-name">arTestCaseFUTSTK.FUTSTKTestCase3</div> <!-- chronological-class-name -->
              <div class="test-method">
                <span class="method-name">BuyOrder</span>
                <span class="method-start">111597 ms</span>
              </div> <!-- test-method -->
            </div> <!-- chronological-class -->
            <div class="chronological-class">
              <div class="chronological-class-name">arTestCaseFUTSTK.FUTSTKTestCase4</div> <!-- chronological-class-name -->
              <div class="test-method">
                <img src="failed.png">
                </img>
                <span class="method-name">BuyOrder</span>
                <span class="method-start">185816 ms</span>
              </div> <!-- test-method -->
            </div> <!-- chronological-class -->
            <div class="chronological-class">
              <div class="chronological-class-name">arTestCaseFUTSTK.FUTSTKTestCase5</div> <!-- chronological-class-name -->
              <div class="test-method">
                <span class="method-name">BuyOrder</span>
                <span class="method-start">239145 ms</span>
              </div> <!-- test-method -->
            </div> <!-- chronological-class -->
            <div class="chronological-class">
              <div class="chronological-class-name">arTestCaseFUTSTK.FUTSTKTestCase6</div> <!-- chronological-class-name -->
              <div class="test-method">
                <span class="method-name">SellOrder</span>
                <span class="method-start">293258 ms</span>
              </div> <!-- test-method -->
            </div> <!-- chronological-class -->
            <div class="chronological-class">
              <div class="chronological-class-name">arTestCaseFUTSTK.FUTSTKTestCase7</div> <!-- chronological-class-name -->
              <div class="test-method">
                <span class="method-name">BuyOrder</span>
                <span class="method-start">324003 ms</span>
              </div> <!-- test-method -->
            </div> <!-- chronological-class -->
            <div class="chronological-class">
              <div class="chronological-class-name">arTestCaseFUTSTK.FUTSTKTestCase8</div> <!-- chronological-class-name -->
              <div class="test-method">
                <span class="method-name">SellOrder</span>
                <span class="method-start">357611 ms</span>
              </div> <!-- test-method -->
            </div> <!-- chronological-class -->
            <div class="chronological-class">
              <div class="chronological-class-name">arTestCaseFUTSTK.FUTSTKTestCase9</div> <!-- chronological-class-name -->
              <div class="test-method">
                <img src="failed.png">
                </img>
                <span class="method-name">BuyOrder</span>
                <span class="method-start">390838 ms</span>
              </div> <!-- test-method -->
            </div> <!-- chronological-class -->
            <div class="chronological-class">
              <div class="chronological-class-name">arTestCaseFUTSTK.FUTSTKTestCase10</div> <!-- chronological-class-name -->
              <div class="test-method">
                <img src="failed.png">
                </img>
                <span class="method-name">SellOrder</span>
                <span class="method-start">437116 ms</span>
              </div> <!-- test-method -->
            </div> <!-- chronological-class -->
            <div class="chronological-class">
              <div class="chronological-class-name">arTestCaseFUTSTK.FUTSTKTestCase11</div> <!-- chronological-class-name -->
              <div class="test-method">
                <img src="failed.png">
                </img>
                <span class="method-name">BuyOrder</span>
                <span class="method-start">519045 ms</span>
              </div> <!-- test-method -->
            </div> <!-- chronological-class -->
            <div class="chronological-class">
              <div class="chronological-class-name">arTestCaseFUTSTK.FUTSTKTestCase12</div> <!-- chronological-class-name -->
              <div class="test-method">
                <img src="failed.png">
                </img>
                <span class="method-name">SellOrder</span>
                <span class="method-start">559563 ms</span>
              </div> <!-- test-method -->
            </div> <!-- chronological-class -->
            <div class="chronological-class">
              <div class="chronological-class-name">arTestCaseFUTSTK.FUTSTKTestCase13</div> <!-- chronological-class-name -->
              <div class="test-method">
                <span class="method-name">BuyOrder</span>
                <span class="method-start">605063 ms</span>
              </div> <!-- test-method -->
            </div> <!-- chronological-class -->
            <div class="chronological-class">
              <div class="chronological-class-name">arTestCaseFUTSTK.FUTSTKTestCase14</div> <!-- chronological-class-name -->
              <div class="test-method">
                <span class="method-name">SellOrder</span>
                <span class="method-start">637038 ms</span>
              </div> <!-- test-method -->
            </div> <!-- chronological-class -->
            <div class="chronological-class">
              <div class="chronological-class-name">arTestCaseFUTSTK.FUTSTKTestCase15</div> <!-- chronological-class-name -->
              <div class="test-method">
                <span class="method-name">BuyOrder</span>
                <span class="method-start">671559 ms</span>
              </div> <!-- test-method -->
            </div> <!-- chronological-class -->
            <div class="chronological-class">
              <div class="chronological-class-name">arTestCaseFUTSTK.FUTSTKTestCase16</div> <!-- chronological-class-name -->
              <div class="test-method">
                <span class="method-name">SellOrder</span>
                <span class="method-start">704056 ms</span>
              </div> <!-- test-method -->
            </div> <!-- chronological-class -->
            <div class="chronological-class">
              <div class="chronological-class-name">arTestCaseFUTSTK.FUTSTKTestCase17</div> <!-- chronological-class-name -->
              <div class="test-method">
                <span class="method-name">BuyOrder</span>
                <span class="method-start">751556 ms</span>
              </div> <!-- test-method -->
            </div> <!-- chronological-class -->
            <div class="chronological-class">
              <div class="chronological-class-name">arTestCaseFUTSTK.FUTSTKTestCase18</div> <!-- chronological-class-name -->
              <div class="test-method">
                <span class="method-name">SellOrder</span>
                <span class="method-start">813940 ms</span>
              </div> <!-- test-method -->
            </div> <!-- chronological-class -->
            <div class="chronological-class">
              <div class="chronological-class-name">arTestCaseFUTSTK.FUTSTKTestCase19</div> <!-- chronological-class-name -->
              <div class="test-method">
                <img src="failed.png">
                </img>
                <span class="method-name">BuyOrder</span>
                <span class="method-start">863193 ms</span>
              </div> <!-- test-method -->
            </div> <!-- chronological-class -->
            <div class="chronological-class">
              <div class="chronological-class-name">arTestCaseFUTSTK.FUTSTKTestCase20</div> <!-- chronological-class-name -->
              <div class="test-method">
                <img src="failed.png">
                </img>
                <span class="method-name">SellOrder</span>
                <span class="method-start">893231 ms</span>
              </div> <!-- test-method -->
            </div> <!-- chronological-class -->
            <div class="chronological-class">
              <div class="chronological-class-name">arTestCaseFUTSTK.FUTSTKTestCase21</div> <!-- chronological-class-name -->
              <div class="test-method">
                <img src="failed.png">
                </img>
                <span class="method-name">BuyOrder</span>
                <span class="method-start">930117 ms</span>
              </div> <!-- test-method -->
            </div> <!-- chronological-class -->
            <div class="chronological-class">
              <div class="chronological-class-name">arTestCaseFUTSTK.FUTSTKTestCase22</div> <!-- chronological-class-name -->
              <div class="test-method">
                <span class="method-name">SellOrder</span>
                <span class="method-start">957557 ms</span>
              </div> <!-- test-method -->
            </div> <!-- chronological-class -->
            <div class="chronological-class">
              <div class="chronological-class-name">arTestCaseFUTSTK.FUTSTKTestCase23</div> <!-- chronological-class-name -->
              <div class="test-method">
                <img src="failed.png">
                </img>
                <span class="method-name">BuyOrder</span>
                <span class="method-start">1028198 ms</span>
              </div> <!-- test-method -->
            </div> <!-- chronological-class -->
            <div class="chronological-class">
              <div class="chronological-class-name">arTestCaseFUTSTK.FUTSTKTestCase24</div> <!-- chronological-class-name -->
              <div class="test-method">
                <img src="failed.png">
                </img>
                <span class="method-name">SellOrder</span>
                <span class="method-start">1061502 ms</span>
              </div> <!-- test-method -->
          </div> <!-- main-panel-content rounded-window-bottom -->
        </div> <!-- panel -->
      </div> <!-- main-panel-root -->
    </div> <!-- wrapper -->
  </body>
</html>
